<?xml version="1.0" encoding="UTF-8"?>
<!-- Generated by org.testng.reporters.JUnitXMLReporter -->
<testsuite hostname="lengweijian.local" ignored="0" name="Command line test" tests="1" failures="0" timestamp="03 Sep 2019 08:35:00 GMT" time="0.002" errors="0">
  <testcase name="verifyContextWasAutowired" time="0.0" classname="org.springframework.test.context.cache.ClassLevelDirtiesContextTestNGTests$ClassLevelDirtiesContextWithCleanMethodsAndAfterClassModeTestCase"/>
</testsuite> <!-- Command line test -->
