<?xml version="1.0" encoding="UTF-8"?>
<testsuite name="org.springframework.transaction.aspectj.JtaTransactionAspectsTests" tests="8" skipped="0" failures="0" errors="0" timestamp="2019-08-01T13:25:03" hostname="localhost" time="0.03">
  <properties/>
  <testcase name="commitOnAnnotatedPrivateMethod" classname="org.springframework.transaction.aspectj.JtaTransactionAspectsTests" time="0.021"/>
  <testcase name="notTransactional" classname="org.springframework.transaction.aspectj.JtaTransactionAspectsTests" time="0.001"/>
  <testcase name="nonAnnotatedMethodCallingPrivateMethod" classname="org.springframework.transaction.aspectj.JtaTransactionAspectsTests" time="0.0"/>
  <testcase name="commitOnAnnotatedProtectedMethod" classname="org.springframework.transaction.aspectj.JtaTransactionAspectsTests" time="0.001"/>
  <testcase name="nonMatchingRollbackOnApplied" classname="org.springframework.transaction.aspectj.JtaTransactionAspectsTests" time="0.004"/>
  <testcase name="nonAnnotatedMethodCallingProtectedMethod" classname="org.springframework.transaction.aspectj.JtaTransactionAspectsTests" time="0.001"/>
  <testcase name="commitOnAnnotatedPublicMethod" classname="org.springframework.transaction.aspectj.JtaTransactionAspectsTests" time="0.0"/>
  <testcase name="matchingRollbackOnApplied" classname="org.springframework.transaction.aspectj.JtaTransactionAspectsTests" time="0.0"/>
  <system-out><![CDATA[]]></system-out>
  <system-err><![CDATA[]]></system-err>
</testsuite>
