<!DOCTYPE html>
<html>
<head>
<meta http-equiv="Content-Type" content="text/html; charset=utf-8"/>
<meta http-equiv="x-ua-compatible" content="IE=edge"/>
<title>Test results - Class org.springframework.cache.aspectj.AspectJCacheAnnotationTests</title>
<link href="../css/base-style.css" rel="stylesheet" type="text/css"/>
<link href="../css/style.css" rel="stylesheet" type="text/css"/>
<script src="../js/report.js" type="text/javascript"></script>
</head>
<body>
<div id="content">
<h1>Class org.springframework.cache.aspectj.AspectJCacheAnnotationTests</h1>
<div class="breadcrumbs">
<a href="../index.html">all</a> &gt; 
<a href="../packages/org.springframework.cache.aspectj.html">org.springframework.cache.aspectj</a> &gt; AspectJCacheAnnotationTests</div>
<div id="summary">
<table>
<tr>
<td>
<div class="summaryGroup">
<table>
<tr>
<td>
<div class="infoBox" id="tests">
<div class="counter">60</div>
<p>tests</p>
</div>
</td>
<td>
<div class="infoBox" id="failures">
<div class="counter">0</div>
<p>failures</p>
</div>
</td>
<td>
<div class="infoBox" id="ignored">
<div class="counter">0</div>
<p>ignored</p>
</div>
</td>
<td>
<div class="infoBox" id="duration">
<div class="counter">0.904s</div>
<p>duration</p>
</div>
</td>
</tr>
</table>
</div>
</td>
<td>
<div class="infoBox success" id="successRate">
<div class="percent">100%</div>
<p>successful</p>
</div>
</td>
</tr>
</table>
</div>
<div id="tabs">
<ul class="tabLinks">
<li>
<a href="#tab0">Tests</a>
</li>
<li>
<a href="#tab1">Standard error</a>
</li>
</ul>
<div id="tab0" class="tab">
<h2>Tests</h2>
<table>
<thead>
<tr>
<th>Test</th>
<th>Duration</th>
<th>Result</th>
</tr>
</thead>
<tr>
<td class="success">testCacheable</td>
<td>0.016s</td>
<td class="success">passed</td>
</tr>
<tr>
<td class="success">testCacheableNull</td>
<td>0.012s</td>
<td class="success">passed</td>
</tr>
<tr>
<td class="success">testCacheableSync</td>
<td>0.013s</td>
<td class="success">passed</td>
</tr>
<tr>
<td class="success">testCacheableSyncNull</td>
<td>0.019s</td>
<td class="success">passed</td>
</tr>
<tr>
<td class="success">testCheckedException</td>
<td>0.015s</td>
<td class="success">passed</td>
</tr>
<tr>
<td class="success">testCheckedExceptionSync</td>
<td>0.021s</td>
<td class="success">passed</td>
</tr>
<tr>
<td class="success">testClassCacheCacheable</td>
<td>0.014s</td>
<td class="success">passed</td>
</tr>
<tr>
<td class="success">testClassCacheInvalidate</td>
<td>0.013s</td>
<td class="success">passed</td>
</tr>
<tr>
<td class="success">testClassCacheInvalidateWKey</td>
<td>0.013s</td>
<td class="success">passed</td>
</tr>
<tr>
<td class="success">testClassCacheUnlessExpression</td>
<td>0.021s</td>
<td class="success">passed</td>
</tr>
<tr>
<td class="success">testClassCheckedException</td>
<td>0.013s</td>
<td class="success">passed</td>
</tr>
<tr>
<td class="success">testClassCheckedExceptionSync</td>
<td>0.022s</td>
<td class="success">passed</td>
</tr>
<tr>
<td class="success">testClassConditionalUpdate</td>
<td>0.012s</td>
<td class="success">passed</td>
</tr>
<tr>
<td class="success">testClassEarlyInvalidate</td>
<td>0.018s</td>
<td class="success">passed</td>
</tr>
<tr>
<td class="success">testClassEarlyInvalidateWithKey</td>
<td>0.012s</td>
<td class="success">passed</td>
</tr>
<tr>
<td class="success">testClassEvictAll</td>
<td>0.011s</td>
<td class="success">passed</td>
</tr>
<tr>
<td class="success">testClassEvictWithException</td>
<td>0.008s</td>
<td class="success">passed</td>
</tr>
<tr>
<td class="success">testClassMethodName</td>
<td>0.014s</td>
<td class="success">passed</td>
</tr>
<tr>
<td class="success">testClassMultiCache</td>
<td>0.008s</td>
<td class="success">passed</td>
</tr>
<tr>
<td class="success">testClassMultiCacheAndEvict</td>
<td>0.019s</td>
<td class="success">passed</td>
</tr>
<tr>
<td class="success">testClassMultiConditionalCacheAndEvict</td>
<td>0.018s</td>
<td class="success">passed</td>
</tr>
<tr>
<td class="success">testClassMultiEvict</td>
<td>0.009s</td>
<td class="success">passed</td>
</tr>
<tr>
<td class="success">testClassMultiPut</td>
<td>0.013s</td>
<td class="success">passed</td>
</tr>
<tr>
<td class="success">testClassNullArg</td>
<td>0.019s</td>
<td class="success">passed</td>
</tr>
<tr>
<td class="success">testClassNullValue</td>
<td>0.011s</td>
<td class="success">passed</td>
</tr>
<tr>
<td class="success">testClassPutRefersToResult</td>
<td>0.013s</td>
<td class="success">passed</td>
</tr>
<tr>
<td class="success">testClassRootVars</td>
<td>0.017s</td>
<td class="success">passed</td>
</tr>
<tr>
<td class="success">testClassUncheckedException</td>
<td>0.013s</td>
<td class="success">passed</td>
</tr>
<tr>
<td class="success">testClassUncheckedExceptionSync</td>
<td>0.017s</td>
<td class="success">passed</td>
</tr>
<tr>
<td class="success">testClassUpdate</td>
<td>0.019s</td>
<td class="success">passed</td>
</tr>
<tr>
<td class="success">testConditionalExpression</td>
<td>0.017s</td>
<td class="success">passed</td>
</tr>
<tr>
<td class="success">testConditionalExpressionSync</td>
<td>0.014s</td>
<td class="success">passed</td>
</tr>
<tr>
<td class="success">testConditionalUpdate</td>
<td>0.015s</td>
<td class="success">passed</td>
</tr>
<tr>
<td class="success">testCustomCacheManager</td>
<td>0.011s</td>
<td class="success">passed</td>
</tr>
<tr>
<td class="success">testCustomKeyGenerator</td>
<td>0.011s</td>
<td class="success">passed</td>
</tr>
<tr>
<td class="success">testEarlyInvalidate</td>
<td>0.022s</td>
<td class="success">passed</td>
</tr>
<tr>
<td class="success">testEarlyInvalidateWithKey</td>
<td>0.019s</td>
<td class="success">passed</td>
</tr>
<tr>
<td class="success">testEvictAll</td>
<td>0.009s</td>
<td class="success">passed</td>
</tr>
<tr>
<td class="success">testEvictWithException</td>
<td>0.015s</td>
<td class="success">passed</td>
</tr>
<tr>
<td class="success">testInvalidate</td>
<td>0.011s</td>
<td class="success">passed</td>
</tr>
<tr>
<td class="success">testInvalidateWithKey</td>
<td>0.015s</td>
<td class="success">passed</td>
</tr>
<tr>
<td class="success">testKeyExpression</td>
<td>0.031s</td>
<td class="success">passed</td>
</tr>
<tr>
<td class="success">testKeyStrategy</td>
<td>0.050s</td>
<td class="success">passed</td>
</tr>
<tr>
<td class="success">testMethodName</td>
<td>0.013s</td>
<td class="success">passed</td>
</tr>
<tr>
<td class="success">testMultiCache</td>
<td>0.012s</td>
<td class="success">passed</td>
</tr>
<tr>
<td class="success">testMultiCacheAndEvict</td>
<td>0.009s</td>
<td class="success">passed</td>
</tr>
<tr>
<td class="success">testMultiConditionalCacheAndEvict</td>
<td>0.028s</td>
<td class="success">passed</td>
</tr>
<tr>
<td class="success">testMultiEvict</td>
<td>0.010s</td>
<td class="success">passed</td>
</tr>
<tr>
<td class="success">testMultiPut</td>
<td>0.010s</td>
<td class="success">passed</td>
</tr>
<tr>
<td class="success">testNullArg</td>
<td>0.009s</td>
<td class="success">passed</td>
</tr>
<tr>
<td class="success">testNullValue</td>
<td>0.016s</td>
<td class="success">passed</td>
</tr>
<tr>
<td class="success">testPutRefersToResult</td>
<td>0.014s</td>
<td class="success">passed</td>
</tr>
<tr>
<td class="success">testRootVars</td>
<td>0.015s</td>
<td class="success">passed</td>
</tr>
<tr>
<td class="success">testUncheckedException</td>
<td>0.007s</td>
<td class="success">passed</td>
</tr>
<tr>
<td class="success">testUncheckedExceptionSync</td>
<td>0.016s</td>
<td class="success">passed</td>
</tr>
<tr>
<td class="success">testUnknownCustomCacheManager</td>
<td>0.009s</td>
<td class="success">passed</td>
</tr>
<tr>
<td class="success">testUnknownCustomKeyGenerator</td>
<td>0.015s</td>
<td class="success">passed</td>
</tr>
<tr>
<td class="success">testUnlessExpression</td>
<td>0.010s</td>
<td class="success">passed</td>
</tr>
<tr>
<td class="success">testUpdate</td>
<td>0.009s</td>
<td class="success">passed</td>
</tr>
<tr>
<td class="success">testVarArgsKey</td>
<td>0.019s</td>
<td class="success">passed</td>
</tr>
</table>
</div>
<div id="tab1" class="tab">
<h2>Standard error</h2>
<span class="code">
<pre>java.io.IOException: 22a4f3c7-74be-4903-877d-775d77b7e544
	at org.springframework.cache.config.AnnotatedClassCacheableService.throwCheckedSync_aroundBody54(AnnotatedClassCacheableService.java:192)
	at org.springframework.cache.config.AnnotatedClassCacheableService$AjcClosure55.run(AnnotatedClassCacheableService.java:1)
	at org.springframework.cache.aspectj.AbstractCacheAspect.ajc$around$org_springframework_cache_aspectj_AbstractCacheAspect$1$2bc714b5proceed(AbstractCacheAspect.aj:64)
	at org.springframework.cache.aspectj.AbstractCacheAspect$AbstractCacheAspect$1.invoke(AbstractCacheAspect.aj:71)
	at org.springframework.cache.interceptor.CacheAspectSupport.invokeOperation(CacheAspectSupport.java:336)
	at org.springframework.cache.interceptor.CacheAspectSupport.lambda$execute$0(CacheAspectSupport.java:352)
	at org.springframework.cache.concurrent.ConcurrentMapCache.lambda$get$0(ConcurrentMapCache.java:146)
	at java.util.concurrent.ConcurrentHashMap.computeIfAbsent(ConcurrentHashMap.java:1660)
	at org.springframework.cache.concurrent.ConcurrentMapCache.get(ConcurrentMapCache.java:144)
	at org.springframework.cache.interceptor.CacheAspectSupport.execute(CacheAspectSupport.java:352)
	at org.springframework.cache.interceptor.CacheAspectSupport.execute(CacheAspectSupport.java:316)
	at org.springframework.cache.aspectj.AbstractCacheAspect.ajc$around$org_springframework_cache_aspectj_AbstractCacheAspect$1$2bc714b5(AbstractCacheAspect.aj:80)
	at org.springframework.cache.config.AnnotatedClassCacheableService.throwCheckedSync(AnnotatedClassCacheableService.java:191)
	at org.springframework.cache.config.AbstractCacheAnnotationTests.testCheckedThrowableSync(AbstractCacheAnnotationTests.java:355)
	at org.springframework.cache.config.AbstractCacheAnnotationTests.testClassCheckedExceptionSync(AbstractCacheAnnotationTests.java:764)
	at sun.reflect.NativeMethodAccessorImpl.invoke0(Native Method)
	at sun.reflect.NativeMethodAccessorImpl.invoke(NativeMethodAccessorImpl.java:62)
	at sun.reflect.DelegatingMethodAccessorImpl.invoke(DelegatingMethodAccessorImpl.java:43)
	at java.lang.reflect.Method.invoke(Method.java:498)
	at org.junit.runners.model.FrameworkMethod$1.runReflectiveCall(FrameworkMethod.java:50)
	at org.junit.internal.runners.model.ReflectiveCallable.run(ReflectiveCallable.java:12)
	at org.junit.runners.model.FrameworkMethod.invokeExplosively(FrameworkMethod.java:47)
	at org.junit.internal.runners.statements.InvokeMethod.evaluate(InvokeMethod.java:17)
	at org.junit.internal.runners.statements.RunBefores.evaluate(RunBefores.java:26)
	at org.junit.internal.runners.statements.RunAfters.evaluate(RunAfters.java:27)
	at org.junit.runners.ParentRunner.runLeaf(ParentRunner.java:325)
	at org.junit.runners.BlockJUnit4ClassRunner.runChild(BlockJUnit4ClassRunner.java:78)
	at org.junit.runners.BlockJUnit4ClassRunner.runChild(BlockJUnit4ClassRunner.java:57)
	at org.junit.runners.ParentRunner$3.run(ParentRunner.java:290)
	at org.junit.runners.ParentRunner$1.schedule(ParentRunner.java:71)
	at org.junit.runners.ParentRunner.runChildren(ParentRunner.java:288)
	at org.junit.runners.ParentRunner.access$000(ParentRunner.java:58)
	at org.junit.runners.ParentRunner$2.evaluate(ParentRunner.java:268)
	at org.junit.runners.ParentRunner.run(ParentRunner.java:363)
	at org.gradle.api.internal.tasks.testing.junit.JUnitTestClassExecuter.runTestClass(JUnitTestClassExecuter.java:114)
	at org.gradle.api.internal.tasks.testing.junit.JUnitTestClassExecuter.execute(JUnitTestClassExecuter.java:57)
	at org.gradle.api.internal.tasks.testing.junit.JUnitTestClassProcessor.processTestClass(JUnitTestClassProcessor.java:66)
	at org.gradle.api.internal.tasks.testing.SuiteTestClassProcessor.processTestClass(SuiteTestClassProcessor.java:51)
	at sun.reflect.NativeMethodAccessorImpl.invoke0(Native Method)
	at sun.reflect.NativeMethodAccessorImpl.invoke(NativeMethodAccessorImpl.java:62)
	at sun.reflect.DelegatingMethodAccessorImpl.invoke(DelegatingMethodAccessorImpl.java:43)
	at java.lang.reflect.Method.invoke(Method.java:498)
	at org.gradle.internal.dispatch.ReflectionDispatch.dispatch(ReflectionDispatch.java:35)
	at org.gradle.internal.dispatch.ReflectionDispatch.dispatch(ReflectionDispatch.java:24)
	at org.gradle.internal.dispatch.ContextClassLoaderDispatch.dispatch(ContextClassLoaderDispatch.java:32)
	at org.gradle.internal.dispatch.ProxyDispatchAdapter$DispatchingInvocationHandler.invoke(ProxyDispatchAdapter.java:93)
	at com.sun.proxy.$Proxy1.processTestClass(Unknown Source)
	at org.gradle.api.internal.tasks.testing.worker.TestWorker.processTestClass(TestWorker.java:108)
	at sun.reflect.NativeMethodAccessorImpl.invoke0(Native Method)
	at sun.reflect.NativeMethodAccessorImpl.invoke(NativeMethodAccessorImpl.java:62)
	at sun.reflect.DelegatingMethodAccessorImpl.invoke(DelegatingMethodAccessorImpl.java:43)
	at java.lang.reflect.Method.invoke(Method.java:498)
	at org.gradle.internal.dispatch.ReflectionDispatch.dispatch(ReflectionDispatch.java:35)
	at org.gradle.internal.dispatch.ReflectionDispatch.dispatch(ReflectionDispatch.java:24)
	at org.gradle.internal.remote.internal.hub.MessageHubBackedObjectConnection$DispatchWrapper.dispatch(MessageHubBackedObjectConnection.java:146)
	at org.gradle.internal.remote.internal.hub.MessageHubBackedObjectConnection$DispatchWrapper.dispatch(MessageHubBackedObjectConnection.java:128)
	at org.gradle.internal.remote.internal.hub.MessageHub$Handler.run(MessageHub.java:404)
	at org.gradle.internal.concurrent.ExecutorPolicy$CatchAndRecordFailures.onExecute(ExecutorPolicy.java:63)
	at org.gradle.internal.concurrent.ManagedExecutorImpl$1.run(ManagedExecutorImpl.java:46)
	at java.util.concurrent.ThreadPoolExecutor.runWorker(ThreadPoolExecutor.java:1149)
	at java.util.concurrent.ThreadPoolExecutor$Worker.run(ThreadPoolExecutor.java:624)
	at org.gradle.internal.concurrent.ThreadFactoryImpl$ManagedThreadRunnable.run(ThreadFactoryImpl.java:55)
	at java.lang.Thread.run(Thread.java:748)
java.io.IOException: 2925fa95-1f84-45a6-9ad1-2fa360b23c0b
	at org.springframework.cache.config.DefaultCacheableService.throwCheckedSync_aroundBody52(DefaultCacheableService.java:201)
	at org.springframework.cache.config.DefaultCacheableService$AjcClosure53.run(DefaultCacheableService.java:1)
	at org.springframework.cache.aspectj.AbstractCacheAspect.ajc$around$org_springframework_cache_aspectj_AbstractCacheAspect$1$2bc714b5proceed(AbstractCacheAspect.aj:64)
	at org.springframework.cache.aspectj.AbstractCacheAspect$AbstractCacheAspect$1.invoke(AbstractCacheAspect.aj:71)
	at org.springframework.cache.interceptor.CacheAspectSupport.invokeOperation(CacheAspectSupport.java:336)
	at org.springframework.cache.interceptor.CacheAspectSupport.lambda$execute$0(CacheAspectSupport.java:352)
	at org.springframework.cache.concurrent.ConcurrentMapCache.lambda$get$0(ConcurrentMapCache.java:146)
	at java.util.concurrent.ConcurrentHashMap.computeIfAbsent(ConcurrentHashMap.java:1660)
	at org.springframework.cache.concurrent.ConcurrentMapCache.get(ConcurrentMapCache.java:144)
	at org.springframework.cache.interceptor.CacheAspectSupport.execute(CacheAspectSupport.java:352)
	at org.springframework.cache.interceptor.CacheAspectSupport.execute(CacheAspectSupport.java:316)
	at org.springframework.cache.aspectj.AbstractCacheAspect.ajc$around$org_springframework_cache_aspectj_AbstractCacheAspect$1$2bc714b5(AbstractCacheAspect.aj:80)
	at org.springframework.cache.config.DefaultCacheableService.throwCheckedSync(DefaultCacheableService.java:200)
	at org.springframework.cache.config.DefaultCacheableService.throwCheckedSync(DefaultCacheableService.java:1)
	at org.springframework.cache.config.AbstractCacheAnnotationTests.testCheckedThrowableSync(AbstractCacheAnnotationTests.java:355)
	at org.springframework.cache.config.AbstractCacheAnnotationTests.testCheckedExceptionSync(AbstractCacheAnnotationTests.java:759)
	at sun.reflect.NativeMethodAccessorImpl.invoke0(Native Method)
	at sun.reflect.NativeMethodAccessorImpl.invoke(NativeMethodAccessorImpl.java:62)
	at sun.reflect.DelegatingMethodAccessorImpl.invoke(DelegatingMethodAccessorImpl.java:43)
	at java.lang.reflect.Method.invoke(Method.java:498)
	at org.junit.runners.model.FrameworkMethod$1.runReflectiveCall(FrameworkMethod.java:50)
	at org.junit.internal.runners.model.ReflectiveCallable.run(ReflectiveCallable.java:12)
	at org.junit.runners.model.FrameworkMethod.invokeExplosively(FrameworkMethod.java:47)
	at org.junit.internal.runners.statements.InvokeMethod.evaluate(InvokeMethod.java:17)
	at org.junit.internal.runners.statements.RunBefores.evaluate(RunBefores.java:26)
	at org.junit.internal.runners.statements.RunAfters.evaluate(RunAfters.java:27)
	at org.junit.runners.ParentRunner.runLeaf(ParentRunner.java:325)
	at org.junit.runners.BlockJUnit4ClassRunner.runChild(BlockJUnit4ClassRunner.java:78)
	at org.junit.runners.BlockJUnit4ClassRunner.runChild(BlockJUnit4ClassRunner.java:57)
	at org.junit.runners.ParentRunner$3.run(ParentRunner.java:290)
	at org.junit.runners.ParentRunner$1.schedule(ParentRunner.java:71)
	at org.junit.runners.ParentRunner.runChildren(ParentRunner.java:288)
	at org.junit.runners.ParentRunner.access$000(ParentRunner.java:58)
	at org.junit.runners.ParentRunner$2.evaluate(ParentRunner.java:268)
	at org.junit.runners.ParentRunner.run(ParentRunner.java:363)
	at org.gradle.api.internal.tasks.testing.junit.JUnitTestClassExecuter.runTestClass(JUnitTestClassExecuter.java:114)
	at org.gradle.api.internal.tasks.testing.junit.JUnitTestClassExecuter.execute(JUnitTestClassExecuter.java:57)
	at org.gradle.api.internal.tasks.testing.junit.JUnitTestClassProcessor.processTestClass(JUnitTestClassProcessor.java:66)
	at org.gradle.api.internal.tasks.testing.SuiteTestClassProcessor.processTestClass(SuiteTestClassProcessor.java:51)
	at sun.reflect.NativeMethodAccessorImpl.invoke0(Native Method)
	at sun.reflect.NativeMethodAccessorImpl.invoke(NativeMethodAccessorImpl.java:62)
	at sun.reflect.DelegatingMethodAccessorImpl.invoke(DelegatingMethodAccessorImpl.java:43)
	at java.lang.reflect.Method.invoke(Method.java:498)
	at org.gradle.internal.dispatch.ReflectionDispatch.dispatch(ReflectionDispatch.java:35)
	at org.gradle.internal.dispatch.ReflectionDispatch.dispatch(ReflectionDispatch.java:24)
	at org.gradle.internal.dispatch.ContextClassLoaderDispatch.dispatch(ContextClassLoaderDispatch.java:32)
	at org.gradle.internal.dispatch.ProxyDispatchAdapter$DispatchingInvocationHandler.invoke(ProxyDispatchAdapter.java:93)
	at com.sun.proxy.$Proxy1.processTestClass(Unknown Source)
	at org.gradle.api.internal.tasks.testing.worker.TestWorker.processTestClass(TestWorker.java:108)
	at sun.reflect.NativeMethodAccessorImpl.invoke0(Native Method)
	at sun.reflect.NativeMethodAccessorImpl.invoke(NativeMethodAccessorImpl.java:62)
	at sun.reflect.DelegatingMethodAccessorImpl.invoke(DelegatingMethodAccessorImpl.java:43)
	at java.lang.reflect.Method.invoke(Method.java:498)
	at org.gradle.internal.dispatch.ReflectionDispatch.dispatch(ReflectionDispatch.java:35)
	at org.gradle.internal.dispatch.ReflectionDispatch.dispatch(ReflectionDispatch.java:24)
	at org.gradle.internal.remote.internal.hub.MessageHubBackedObjectConnection$DispatchWrapper.dispatch(MessageHubBackedObjectConnection.java:146)
	at org.gradle.internal.remote.internal.hub.MessageHubBackedObjectConnection$DispatchWrapper.dispatch(MessageHubBackedObjectConnection.java:128)
	at org.gradle.internal.remote.internal.hub.MessageHub$Handler.run(MessageHub.java:404)
	at org.gradle.internal.concurrent.ExecutorPolicy$CatchAndRecordFailures.onExecute(ExecutorPolicy.java:63)
	at org.gradle.internal.concurrent.ManagedExecutorImpl$1.run(ManagedExecutorImpl.java:46)
	at java.util.concurrent.ThreadPoolExecutor.runWorker(ThreadPoolExecutor.java:1149)
	at java.util.concurrent.ThreadPoolExecutor$Worker.run(ThreadPoolExecutor.java:624)
	at org.gradle.internal.concurrent.ThreadFactoryImpl$ManagedThreadRunnable.run(ThreadFactoryImpl.java:55)
	at java.lang.Thread.run(Thread.java:748)
</pre>
</span>
</div>
</div>
<div id="footer">
<p>
<div>
<label class="hidden" id="label-for-line-wrapping-toggle" for="line-wrapping-toggle">Wrap lines
<input id="line-wrapping-toggle" type="checkbox" autocomplete="off"/>
</label>
</div>Generated by 
<a href="http://www.gradle.org">Gradle 4.4.1</a> at 2019-8-1 21:25:08</p>
</div>
</div>
</body>
</html>
